<?xml version="1.0" encoding="UTF-8"?>
<testng-results skipped="0" failed="0" ignored="0" total="0" passed="0">
  <reporter-output>
  </reporter-output>
  <suite name="com.pys.pojo.AppTest" duration-ms="12" started-at="2019-09-18T14:45:23 CST" finished-at="2019-09-18T14:45:23 CST">
    <groups>
    </groups>
    <test name="Command line test" duration-ms="12" started-at="2019-09-18T14:45:23 CST" finished-at="2019-09-18T14:45:23 CST">
    </test> <!-- Command line test -->
  </suite> <!-- com.pys.pojo.AppTest -->
</testng-results>
